TN:
SF:/home/runner/work/tar_to_stream/tar_to_stream/tar_to_stream.h
FN:100,103,_Z18tar_to_stream_tailINSt7__cxx1119basic_ostringstreamIcSt11char_traitsIcESaIcEEEEvRT_j
FN:24,72,_Z13tar_to_streamINSt7__cxx1119basic_ostringstreamIcSt11char_traitsIcESaIcEEEEvRT_O24tar_to_stream_properties
FN:76,97,_Z13tar_to_streamINSt7__cxx1119basic_ostringstreamIcSt11char_traitsIcESaIcEEEEvRT_RKNS0_12basic_stringIcS3_S4_EEPKcmmS9_jjSB_SB_
FNDA:4,_Z18tar_to_stream_tailINSt7__cxx1119basic_ostringstreamIcSt11char_traitsIcESaIcEEEEvRT_j
FNDA:41,_Z13tar_to_streamINSt7__cxx1119basic_ostringstreamIcSt11char_traitsIcESaIcEEEEvRT_O24tar_to_stream_properties
FNDA:1,_Z13tar_to_streamINSt7__cxx1119basic_ostringstreamIcSt11char_traitsIcESaIcEEEEvRT_RKNS0_12basic_stringIcS3_S4_EEPKcmmS9_jjSB_SB_
FNF:3
FNH:3
DA:24,41
DA:45,41
DA:47,41
DA:48,40
DA:50,41
DA:51,41
DA:52,41
DA:53,41
DA:55,41
DA:56,41
DA:57,41
DA:58,41
DA:61,41
DA:62,21033
DA:63,20992
DA:65,41
DA:68,41
DA:69,41
DA:70,41
DA:71,82
DA:72,41
DA:76,1
DA:87,1
DA:89,1
DA:97,3
DA:100,4
DA:102,8
DA:103,4
LF:28
LH:28
end_of_record
TN:
SF:/home/runner/work/tar_to_stream/tar_to_stream/tests/test_tar_to_stream.cpp
FN:111,147,_ZL23CATCH2_INTERNAL_TEST_10v
FN:153,188,_ZL23CATCH2_INTERNAL_TEST_15v
FN:194,252,_ZL23CATCH2_INTERNAL_TEST_20v
FN:258,295,_ZL23CATCH2_INTERNAL_TEST_27v
FN:301,327,_ZL23CATCH2_INTERNAL_TEST_32v
FN:333,378,_ZL23CATCH2_INTERNAL_TEST_36v
FN:34,39,_Z10get_headerRKNSt7__cxx1112basic_stringIcSt11char_traitsIcESaIcEEE
FN:384,397,_ZL23CATCH2_INTERNAL_TEST_42v
FN:399,422,_ZL23CATCH2_INTERNAL_TEST_44v
FN:42,50,_Z18recompute_checksum12ParsedHeader
FN:428,486,_ZL23CATCH2_INTERNAL_TEST_46v
FN:492,512,_ZL23CATCH2_INTERNAL_TEST_53v
FN:518,546,_ZL23CATCH2_INTERNAL_TEST_57v
FN:548,570,_ZL23CATCH2_INTERNAL_TEST_59v
FN:56,65,_ZL22CATCH2_INTERNAL_TEST_0v
FN:576,600,_ZL23CATCH2_INTERNAL_TEST_61v
FN:606,640,_ZL23CATCH2_INTERNAL_TEST_63v
FN:67,92,_ZL22CATCH2_INTERNAL_TEST_2v
FN:94,105,_ZL22CATCH2_INTERNAL_TEST_8v
FNDA:3,_ZL23CATCH2_INTERNAL_TEST_10v
FNDA:3,_ZL23CATCH2_INTERNAL_TEST_15v
FNDA:5,_ZL23CATCH2_INTERNAL_TEST_20v
FNDA:3,_ZL23CATCH2_INTERNAL_TEST_27v
FNDA:2,_ZL23CATCH2_INTERNAL_TEST_32v
FNDA:4,_ZL23CATCH2_INTERNAL_TEST_36v
FNDA:29,_Z10get_headerRKNSt7__cxx1112basic_stringIcSt11char_traitsIcESaIcEEE
FNDA:1,_ZL23CATCH2_INTERNAL_TEST_42v
FNDA:1,_ZL23CATCH2_INTERNAL_TEST_44v
FNDA:2,_Z18recompute_checksum12ParsedHeader
FNDA:5,_ZL23CATCH2_INTERNAL_TEST_46v
FNDA:2,_ZL23CATCH2_INTERNAL_TEST_53v
FNDA:1,_ZL23CATCH2_INTERNAL_TEST_57v
FNDA:1,_ZL23CATCH2_INTERNAL_TEST_59v
FNDA:1,_ZL22CATCH2_INTERNAL_TEST_0v
FNDA:1,_ZL23CATCH2_INTERNAL_TEST_61v
FNDA:1,_ZL23CATCH2_INTERNAL_TEST_63v
FNDA:4,_ZL22CATCH2_INTERNAL_TEST_2v
FNDA:1,_ZL22CATCH2_INTERNAL_TEST_8v
FNF:19
FNH:19
DA:34,29
DA:35,29
DA:36,29
DA:37,29
DA:38,29
DA:42,2
DA:43,2
DA:44,2
DA:45,2
DA:46,1026
DA:47,1024
DA:49,2
DA:56,1
DA:57,1
DA:58,2
DA:59,1
DA:60,4
DA:62,1
DA:64,1
DA:65,1
DA:67,4
DA:68,4
DA:69,8
DA:70,4
DA:71,16
DA:73,4
DA:75,4
DA:77,4
DA:78,3
DA:79,4
DA:80,4
DA:81,1
DA:82,1
DA:83,4
DA:84,4
DA:85,1
DA:86,4
DA:87,4
DA:88,101
DA:89,100
DA:91,4
DA:92,4
DA:94,1
DA:95,1
DA:96,2
DA:97,1
DA:98,4
DA:100,1
DA:102,1
DA:103,1
DA:104,1
DA:105,1
DA:111,3
DA:112,3
DA:113,1
DA:114,2
DA:115,1
DA:116,4
DA:118,1
DA:120,1
DA:121,3
DA:122,4
DA:124,3
DA:125,1
DA:126,2
DA:127,1
DA:128,4
DA:130,1
DA:132,1
DA:133,3
DA:134,4
DA:136,3
DA:137,1
DA:138,2
DA:139,1
DA:140,4
DA:142,1
DA:144,1
DA:145,3
DA:146,4
DA:147,3
DA:153,3
DA:154,6
DA:155,3
DA:157,3
DA:158,1
DA:159,4
DA:161,1
DA:163,1
DA:164,3
DA:165,4
DA:167,3
DA:168,1
DA:169,4
DA:171,1
DA:174,1
DA:175,3
DA:176,4
DA:178,3
DA:179,1
DA:180,4
DA:182,1
DA:185,1
DA:186,3
DA:187,4
DA:188,3
DA:194,5
DA:195,10
DA:196,5
DA:198,5
DA:199,1
DA:200,4
DA:202,1
DA:204,1
DA:205,3
DA:206,6
DA:208,5
DA:209,1
DA:210,4
DA:212,1
DA:214,1
DA:215,3
DA:216,6
DA:218,5
DA:219,1
DA:220,4
DA:222,1
DA:225,1
DA:226,3
DA:227,6
DA:229,5
DA:230,1
DA:231,4
DA:233,1
DA:236,1
DA:237,3
DA:238,6
DA:240,5
DA:241,1
DA:242,1
DA:243,4
DA:245,1
DA:248,1
DA:249,1
DA:250,1
DA:251,6
DA:252,5
DA:258,3
DA:259,3
DA:261,3
DA:262,1
DA:263,1
DA:264,4
DA:266,1
DA:268,1
DA:269,3
DA:270,4
DA:272,3
DA:273,1
DA:274,1
DA:275,4
DA:277,1
DA:279,1
DA:280,1
DA:281,1
DA:282,4
DA:284,3
DA:285,1
DA:286,1
DA:287,4
DA:289,1
DA:291,1
DA:292,1
DA:293,1
DA:294,4
DA:295,3
DA:301,2
DA:302,4
DA:303,2
DA:305,2
DA:306,1
DA:307,4
DA:309,1
DA:311,1
DA:312,3
DA:313,3
DA:315,2
DA:316,1
DA:317,1
DA:318,4
DA:320,1
DA:323,1
DA:324,1
DA:325,1
DA:326,3
DA:327,2
DA:333,4
DA:334,8
DA:335,4
DA:337,4
DA:338,1
DA:339,4
DA:341,1
DA:343,1
DA:344,3
DA:345,5
DA:347,4
DA:348,1
DA:349,4
DA:351,1
DA:353,1
DA:354,3
DA:355,5
DA:357,4
DA:358,1
DA:359,4
DA:361,1
DA:364,1
DA:365,3
DA:366,5
DA:368,4
DA:369,1
DA:370,4
DA:372,1
DA:375,1
DA:376,3
DA:377,5
DA:378,4
DA:384,1
DA:385,1
DA:386,2
DA:387,1
DA:388,4
DA:390,1
DA:392,1
DA:394,1
DA:395,1
DA:396,1
DA:397,1
DA:399,1
DA:400,2
DA:401,1
DA:403,1
DA:404,4
DA:406,1
DA:410,1
DA:411,4
DA:413,1
DA:417,1
DA:418,1
DA:419,2
DA:420,1
DA:421,1
DA:422,1
DA:428,5
DA:429,5
DA:431,5
DA:432,1
DA:433,1
DA:434,4
DA:436,1
DA:438,1
DA:439,6
DA:441,5
DA:442,1
DA:443,1
DA:444,4
DA:446,1
DA:448,1
DA:449,508
DA:450,507
DA:452,6
DA:454,5
DA:455,1
DA:456,1
DA:457,4
DA:459,1
DA:462,1
DA:463,6
DA:465,5
DA:466,1
DA:467,1
DA:468,4
DA:470,1
DA:473,1
DA:474,6
DA:476,5
DA:477,1
DA:478,1
DA:479,4
DA:481,1
DA:484,1
DA:485,6
DA:486,5
DA:492,2
DA:493,2
DA:494,1
DA:495,1
DA:496,1
DA:497,1
DA:498,1025
DA:499,1024
DA:501,3
DA:503,2
DA:504,1
DA:505,1
DA:506,1
DA:507,1
DA:508,2049
DA:509,2048
DA:511,3
DA:512,2
DA:518,1
DA:519,1
DA:520,2
DA:521,2
DA:522,2
DA:523,1
DA:525,4
DA:527,1
DA:529,4
DA:531,1
DA:533,1
DA:535,1
DA:537,1
DA:538,3
DA:541,1
DA:542,1
DA:543,1
DA:544,1
DA:545,3
DA:546,1
DA:548,1
DA:549,1
DA:550,2
DA:551,2
DA:552,2
DA:553,1
DA:555,4
DA:557,1
DA:559,4
DA:561,1
DA:564,1
DA:566,1
DA:568,1
DA:569,1
DA:570,1
DA:576,1
DA:577,2
DA:578,1
DA:580,1
DA:581,4
DA:583,1
DA:592,1
DA:595,5
DA:599,1
DA:600,1
DA:606,1
DA:607,1
DA:608,2
DA:609,1
DA:611,4
DA:613,1
DA:621,1
DA:623,1
DA:624,1
DA:626,3
DA:627,3
DA:628,1
DA:630,1
DA:631,1
DA:633,1
DA:634,1
DA:636,1
DA:637,1
DA:639,1
DA:640,1
LF:377
LH:377
end_of_record
